<?xml version="1.0" encoding="UTF-8"?>
<testsuite name="com.uni.FirstTest" tests="1" skipped="0" failures="0" errors="0" timestamp="2022-03-26T15:55:09" hostname="DESKTOP-U8JUP9N" time="0.039">
  <properties/>
  <testcase name="additionTest()" classname="com.uni.FirstTest" time="0.039"/>
  <system-out><![CDATA[]]></system-out>
  <system-err><![CDATA[]]></system-err>
</testsuite>
